2020/11/10 08:58:14 [INFO] Terraform version: 0.12.28  
2020/11/10 08:58:14 [INFO] Go runtime version: go1.12.13
2020/11/10 08:58:14 [INFO] CLI args: []string{"/usr/local/bin/terraform", "plan"}
2020/11/10 08:58:14 [INFO] CLI command args: []string{"plan"}
2020/11/10 08:58:14 [WARN] Log levels other than TRACE are currently unreliable, and are supported only for backward compatibility.
  Use TF_LOG=TRACE to see Terraform's internal logs.
  ----
2020/11/10 08:58:14 [INFO] backend/local: starting Plan operation
2020-11-10T08:58:14.918+0100 [INFO]  plugin: configuring client automatic mTLS
2020-11-10T08:58:14.997+0100 [INFO]  plugin.terraform-provider-aws_v3.14.1_x5: configuring server automatic mTLS: timestamp=2020-11-10T08:58:14.996+0100
2020-11-10T08:58:15.150+0100 [WARN]  plugin.stdio: received EOF, stopping recv loop: err="rpc error: code = Unavailable desc = transport is closing"
2020/11/10 08:58:15 [INFO] terraform: building graph: GraphTypeValidate
2020-11-10T08:58:15.155+0100 [INFO]  plugin: configuring client automatic mTLS
2020-11-10T08:58:15.233+0100 [INFO]  plugin.terraform-provider-aws_v3.14.1_x5: configuring server automatic mTLS: timestamp=2020-11-10T08:58:15.233+0100
2020-11-10T08:58:15.457+0100 [WARN]  plugin.stdio: received EOF, stopping recv loop: err="rpc error: code = Unavailable desc = transport is closing"
2020/11/10 08:58:15 [INFO] backend/local: plan calling Refresh
2020/11/10 08:58:15 [INFO] terraform: building graph: GraphTypeRefresh
2020/11/10 08:58:15 [INFO] backend/local: plan calling Plan
2020/11/10 08:58:15 [INFO] terraform: building graph: GraphTypePlan
2020-11-10T08:58:15.462+0100 [INFO]  plugin: configuring client automatic mTLS
2020-11-10T08:58:15.545+0100 [INFO]  plugin.terraform-provider-aws_v3.14.1_x5: configuring server automatic mTLS: timestamp=2020-11-10T08:58:15.545+0100
2020/11/10 08:58:16 [WARN] Provider "registry.terraform.io/-/aws" produced an invalid plan for aws_instance.myinstance, but we are tolerating it because it is using the legacy plugin SDK.
    The following problems may be the cause of any confusing errors from downstream operations:
      - .get_password_data: planned value cty.False does not match config value cty.NullVal(cty.Bool)
      - .source_dest_check: planned value cty.True does not match config value cty.NullVal(cty.Bool)
      - .ebs_block_device: attribute representing nested block must not be unknown itself; set nested attribute values to unknown instead
      - .ephemeral_block_device: attribute representing nested block must not be unknown itself; set nested attribute values to unknown instead
      - .metadata_options: attribute representing nested block must not be unknown itself; set nested attribute values to unknown instead
      - .network_interface: attribute representing nested block must not be unknown itself; set nested attribute values to unknown instead
      - .root_block_device: attribute representing nested block must not be unknown itself; set nested attribute values to unknown instead
2020-11-10T08:58:16.900+0100 [WARN]  plugin.stdio: received EOF, stopping recv loop: err="rpc error: code = Unavailable desc = transport is closing"
2020/11/10 08:58:16 [INFO] backend/local: plan operation completed
